Using pre-set license
Built from '2020.3/staging' branch; Version is '2020.3.21f1 (a38c86f6690f) revision 10718342'; Using compiler version '192528614'; Build Type 'Release'
OS: 'Windows 10 Home; OS build 19042.1466; Version 2009; 64bit' Language: 'ru' Physical Memory: 8075 MB
BatchMode: 1, IsHumanControllingUs: 0, StartBugReporterOnCrash: 0, Is64bit: 1, IsPro: 0

COMMAND LINE ARGUMENTS:
C:\Program Files\Unity\Hub\Editor\2020.3.21f1\Editor\Unity.exe
-adb2
-batchMode
-noUpm
-name
AssetImportWorker0
-projectPath
D:/PepperGames/GGJ_2022
-logFile
Logs/AssetImportWorker0.log
-srvPort
61206
Successfully changed project path to: D:/PepperGames/GGJ_2022
D:/PepperGames/GGJ_2022
Using Asset Import Pipeline V2.
Refreshing native plugins compatible for Editor in 71.46 ms, found 2 plugins.
Preloading 0 native plugins for Editor in 0.00 ms.
Initialize engine version: 2020.3.21f1 (a38c86f6690f)
[Subsystems] Discovering subsystems at path C:/Program Files/Unity/Hub/Editor/2020.3.21f1/Editor/Data/Resources/UnitySubsystems
[Subsystems] Discovering subsystems at path D:/PepperGames/GGJ_2022/Assets
GfxDevice: creating device client; threaded=0
Direct3D:
    Version:  Direct3D 11.0 [level 11.1]
    Renderer: NVIDIA GeForce GTX 1050 Ti (ID=0x1c8c)
    Vendor:   
    VRAM:     4018 MB
    Driver:   30.0.14.9709
Initialize mono
Mono path[0] = 'C:/Program Files/Unity/Hub/Editor/2020.3.21f1/Editor/Data/Managed'
Mono path[1] = 'C:/Program Files/Unity/Hub/Editor/2020.3.21f1/Editor/Data/MonoBleedingEdge/lib/mono/unityjit'
Mono config path = 'C:/Program Files/Unity/Hub/Editor/2020.3.21f1/Editor/Data/MonoBleedingEdge/etc'
Using monoOptions --debugger-agent=transport=dt_socket,embedding=1,server=y,suspend=n,address=127.0.0.1:56504
Begin MonoManager ReloadAssembly
Registering precompiled unity dll's ...
Register platform support module: C:/Program Files/Unity/Hub/Editor/2020.3.21f1/Editor/Data/PlaybackEngines/WindowsStandaloneSupport/UnityEditor.WindowsStandalone.Extensions.dll
Registered in 0.011328 seconds.
Native extension for WindowsStandalone target not found
Refreshing native plugins compatible for Editor in 61.57 ms, found 2 plugins.
Preloading 0 native plugins for Editor in 0.00 ms.
Mono: successfully reloaded assembly
- Completed reload, in  5.645 seconds
Domain Reload Profiling:
	ReloadAssembly (5646ms)
		BeginReloadAssembly (81ms)
			ExecutionOrderSort (0ms)
			DisableScriptedObjects (0ms)
			BackupInstance (0ms)
			ReleaseScriptingObjects (0ms)
			CreateAndSetChildDomain (11ms)
		EndReloadAssembly (625ms)
			LoadAssemblies (67ms)
			RebuildTransferFunctionScriptingTraits (2ms)
			SetupTypeCache (187ms)
			ReleaseScriptCaches (0ms)
			RebuildScriptCaches (46ms)
			SetupLoadedEditorAssemblies (254ms)
				LogAssemblyErrors (0ms)
				InitializePlatformSupportModulesInManaged (5ms)
				SetLoadedEditorAssemblies (0ms)
				RefreshPlugins (62ms)
				BeforeProcessingInitializeOnLoad (22ms)
				ProcessInitializeOnLoadAttributes (121ms)
				ProcessInitializeOnLoadMethodAttributes (43ms)
				AfterProcessingInitializeOnLoad (0ms)
				EditorAssembliesLoaded (1ms)
			ExecutionOrderSort2 (0ms)
			AwakeInstancesAfterBackupRestoration (0ms)
Platform modules already initialized, skipping
Registering precompiled user dll's ...
Registered in 0.021806 seconds.
Begin MonoManager ReloadAssembly
Native extension for WindowsStandalone target not found
Refreshing native plugins compatible for Editor in 63.08 ms, found 2 plugins.
Preloading 0 native plugins for Editor in 0.00 ms.
Mono: successfully reloaded assembly
- Completed reload, in  1.763 seconds
Domain Reload Profiling:
	ReloadAssembly (1767ms)
		BeginReloadAssembly (185ms)
			ExecutionOrderSort (0ms)
			DisableScriptedObjects (5ms)
			BackupInstance (0ms)
			ReleaseScriptingObjects (0ms)
			CreateAndSetChildDomain (23ms)
		EndReloadAssembly (1503ms)
			LoadAssemblies (180ms)
			RebuildTransferFunctionScriptingTraits (0ms)
			SetupTypeCache (427ms)
			ReleaseScriptCaches (2ms)
			RebuildScriptCaches (113ms)
			SetupLoadedEditorAssemblies (565ms)
				LogAssemblyErrors (0ms)
				InitializePlatformSupportModulesInManaged (6ms)
				SetLoadedEditorAssemblies (0ms)
				RefreshPlugins (63ms)
				BeforeProcessingInitializeOnLoad (116ms)
				ProcessInitializeOnLoadAttributes (354ms)
				ProcessInitializeOnLoadMethodAttributes (18ms)
				AfterProcessingInitializeOnLoad (7ms)
				EditorAssembliesLoaded (0ms)
			ExecutionOrderSort2 (0ms)
			AwakeInstancesAfterBackupRestoration (8ms)
Platform modules already initialized, skipping
========================================================================
Worker process is ready to serve import requests
Launched and connected shader compiler UnityShaderCompiler.exe after 0.28 seconds
Refreshing native plugins compatible for Editor in 0.61 ms, found 2 plugins.
Preloading 0 native plugins for Editor in 0.00 ms.
Unloading 2796 Unused Serialized files (Serialized files now loaded: 0)
System memory in use before: 126.0 MB.
System memory in use after: 126.2 MB.

Unloading 20 unused Assets to reduce memory usage. Loaded Objects now: 3230.
Total: 5.785900 ms (FindLiveObjects: 0.432600 ms CreateObjectMapping: 0.163700 ms MarkObjects: 5.066600 ms  DeleteObjects: 0.121300 ms)

AssetImportParameters requested are different than current active one (requested -> active):
  custom:framework-win-MediaFoundation: 216162199b28c13a410421893ffa2e32 -> 
  custom:video-decoder-ogg-theora: a1e56fd34408186e4bbccfd4996cb3dc -> 
  custom:container-muxer-webm: aa71ff27fc2769a1b78a27578f13a17b -> 
  custom:container-demuxer-webm: 4f35f7cbe854078d1ac9338744f61a02 -> 
  custom:container-demuxer-ogg: 62fdf1f143b41e24485cea50d1cbac27 -> 
  custom:video-encoder-webm-vp8: eb34c28f22e8b96e1ab97ce403110664 -> 
  custom:video-decoder-webm-vp8: 9c59270c3fd7afecdb556c50c9e8de78 -> 
  custom:audio-decoder-ogg-vorbis: bf7c407c2cedff20999df2af8eb42d56 -> 
  custom:audio-encoder-webm-vorbis: bf7c407c2cedff20999df2af8eb42d56 -> 
========================================================================
Received Import Request.
  path: Assets/Training_dummy/Scene/Demo.unity
  artifactKey: Guid(5eb38400779272d4c84011e798bae4c8) Importer(815301076,1909f56bfc062723c751e8b465ee728b)
Start importing Assets/Training_dummy/Scene/Demo.unity using Guid(5eb38400779272d4c84011e798bae4c8) Importer(815301076,1909f56bfc062723c751e8b465ee728b)  -> (artifact id: 'e9bed1b80f2e6d40d74226e5f8133f27') in 0.039661 seconds 
  Import took 0.050400 seconds .

========================================================================
Received Import Request.
  Time since last request: 4.535782 seconds.
  path: Assets/Scenes/SampleSceneLightingSettings.lighting
  artifactKey: Guid(477cc4148fad3449482a3bc3178594e2) Importer(815301076,1909f56bfc062723c751e8b465ee728b)
Start importing Assets/Scenes/SampleSceneLightingSettings.lighting using Guid(477cc4148fad3449482a3bc3178594e2) Importer(815301076,1909f56bfc062723c751e8b465ee728b)  -> (artifact id: '4a26a52e718306fba651ad1c5ff177c0') in 0.046831 seconds 
  Import took 0.054404 seconds .

========================================================================
Received Import Request.
  Time since last request: 2.030249 seconds.
  path: Assets/Scenes/SampleScene.unity
  artifactKey: Guid(d1c3109bdb54ad54c8a2b2838528e640) Importer(815301076,1909f56bfc062723c751e8b465ee728b)
Start importing Assets/Scenes/SampleScene.unity using Guid(d1c3109bdb54ad54c8a2b2838528e640) Importer(815301076,1909f56bfc062723c751e8b465ee728b)  -> (artifact id: '1a7c01bc8ed57adf1ede3d700e613d7f') in 0.012252 seconds 
  Import took 0.021520 seconds .

========================================================================
Received Import Request.
  Time since last request: 239.748880 seconds.
  path: Assets/Training_dummy/Prefab/training_dummy.prefab
  artifactKey: Guid(0331b169005eb1d469455efaa6b9024a) Importer(815301076,1909f56bfc062723c751e8b465ee728b)
Start importing Assets/Training_dummy/Prefab/training_dummy.prefab using Guid(0331b169005eb1d469455efaa6b9024a) Importer(815301076,1909f56bfc062723c751e8b465ee728b)  -> (artifact id: '8ad14a4d95010d726949048e18db1235') in 0.371628 seconds 
  Import took 0.377586 seconds .

========================================================================
Received Import Request.
  Time since last request: 190.841471 seconds.
  path: Assets/Settings
  artifactKey: Guid(0735c275001a2c84dafdb30deced5d8d) Importer(815301076,1909f56bfc062723c751e8b465ee728b)
Start importing Assets/Settings using Guid(0735c275001a2c84dafdb30deced5d8d) Importer(815301076,1909f56bfc062723c751e8b465ee728b)  -> (artifact id: 'cadd7ca10b5bf32e886eec457cf073a7') in 0.011241 seconds 
  Import took 0.019153 seconds .

========================================================================
Received Import Request.
  Time since last request: 118.501337 seconds.
  path: Assets/Polytope Studio/Lowpoly Medieval Weapons/Prefabs/PT_Medieval_Shield_01_a.prefab
  artifactKey: Guid(2ba0663bd48974844bc9183bda97b3d6) Importer(815301076,1909f56bfc062723c751e8b465ee728b)
Start importing Assets/Polytope Studio/Lowpoly Medieval Weapons/Prefabs/PT_Medieval_Shield_01_a.prefab using Guid(2ba0663bd48974844bc9183bda97b3d6) Importer(815301076,1909f56bfc062723c751e8b465ee728b)  -> (artifact id: '9e70adef9a2b6d347886277badc1820d') in 0.042477 seconds 
  Import took 0.049021 seconds .

========================================================================
Received Import Request.
  Time since last request: 0.731441 seconds.
  path: Assets/Polytope Studio/Lowpoly Medieval Weapons/Prefabs/PT_Medieval_Sword_01_a.prefab
  artifactKey: Guid(87d2b1ecfb26a3349af12d1ba83f0883) Importer(815301076,1909f56bfc062723c751e8b465ee728b)
Start importing Assets/Polytope Studio/Lowpoly Medieval Weapons/Prefabs/PT_Medieval_Sword_01_a.prefab using Guid(87d2b1ecfb26a3349af12d1ba83f0883) Importer(815301076,1909f56bfc062723c751e8b465ee728b)  -> (artifact id: '1bad879773eb4399450232b7d37d5da8') in 0.026009 seconds 
  Import took 0.034174 seconds .

========================================================================
Received Import Request.
  Time since last request: 5.622986 seconds.
  path: Assets/Polytope Studio/Lowpoly Medieval Weapons/Sources/Meshes/PT_Medieval_Shield_01_a.fbx
  artifactKey: Guid(3d03772cb9468fa4085e94eb6aaf27d7) Importer(815301076,1909f56bfc062723c751e8b465ee728b)
Start importing Assets/Polytope Studio/Lowpoly Medieval Weapons/Sources/Meshes/PT_Medieval_Shield_01_a.fbx using Guid(3d03772cb9468fa4085e94eb6aaf27d7) Importer(815301076,1909f56bfc062723c751e8b465ee728b)  -> (artifact id: '04114f0c4aa7914dd46e772359e899ba') in 0.065701 seconds 
  Import took 0.075820 seconds .

========================================================================
Received Import Request.
  Time since last request: 26.233871 seconds.
  path: Assets/Polytope Studio/Lowpoly Medieval Weapons/Sources/Meshes/PT_Medieval_Shield_01_a.fbx
  artifactKey: Guid(3d03772cb9468fa4085e94eb6aaf27d7) Importer(815301076,1909f56bfc062723c751e8b465ee728b)
Start importing Assets/Polytope Studio/Lowpoly Medieval Weapons/Sources/Meshes/PT_Medieval_Shield_01_a.fbx using Guid(3d03772cb9468fa4085e94eb6aaf27d7) Importer(815301076,1909f56bfc062723c751e8b465ee728b)  -> (artifact id: 'd32950f8d0e76e8db80f064d2ca14581') in 0.037288 seconds 
  Import took 0.048841 seconds .

========================================================================
Received Import Request.
  Time since last request: 99.166399 seconds.
  path: Assets/Polytope Studio/Lowpoly Medieval Weapons/Sources/Meshes/PT_Medieval_Sword_01_a.fbx
  artifactKey: Guid(c4ee69f08dc865c458547e9a01d06ab7) Importer(815301076,1909f56bfc062723c751e8b465ee728b)
Start importing Assets/Polytope Studio/Lowpoly Medieval Weapons/Sources/Meshes/PT_Medieval_Sword_01_a.fbx using Guid(c4ee69f08dc865c458547e9a01d06ab7) Importer(815301076,1909f56bfc062723c751e8b465ee728b)  -> (artifact id: '9d4c315f412f51656fcfee62de318c5f') in 0.030995 seconds 
  Import took 0.045180 seconds .

========================================================================
Received Import Request.
  Time since last request: 102.895517 seconds.
  path: Assets/ExampleAssets/Textures/Props/Construction_Light/ConstructionLight_Albedo.tif
  artifactKey: Guid(2ec6e1532acb1254f9f3797b5d82db44) Importer(815301076,1909f56bfc062723c751e8b465ee728b)
Start importing Assets/ExampleAssets/Textures/Props/Construction_Light/ConstructionLight_Albedo.tif using Guid(2ec6e1532acb1254f9f3797b5d82db44) Importer(815301076,1909f56bfc062723c751e8b465ee728b)  -> (artifact id: '864d2b361520e82158bacbe73f11f05a') in 0.052130 seconds 
  Import took 0.060992 seconds .

========================================================================
Received Import Request.
  Time since last request: 0.000592 seconds.
  path: Assets/ExampleAssets/Textures/Props/Paint/PaintAnimMask.tif
  artifactKey: Guid(5e98de278b2ccc14f89b76b85596a3f3) Importer(815301076,1909f56bfc062723c751e8b465ee728b)
Start importing Assets/ExampleAssets/Textures/Props/Paint/PaintAnimMask.tif using Guid(5e98de278b2ccc14f89b76b85596a3f3) Importer(815301076,1909f56bfc062723c751e8b465ee728b)  -> (artifact id: '352b0b02016621bff87d6ed4e1922830') in 0.022725 seconds 
  Import took 0.029976 seconds .

========================================================================
Received Import Request.
  Time since last request: 0.000404 seconds.
  path: Assets/ExampleAssets/Textures/Props/Paint/PaintLabel.tif
  artifactKey: Guid(e5c37ab0c7b37af4f981195d3caaf4b4) Importer(815301076,1909f56bfc062723c751e8b465ee728b)
Start importing Assets/ExampleAssets/Textures/Props/Paint/PaintLabel.tif using Guid(e5c37ab0c7b37af4f981195d3caaf4b4) Importer(815301076,1909f56bfc062723c751e8b465ee728b)  -> (artifact id: '47cbb7f355dfa4d9746b65b5a3424f99') in 0.022854 seconds 
  Import took 0.030398 seconds .

========================================================================
Received Import Request.
  Time since last request: 0.000409 seconds.
  path: Assets/ExampleAssets/Textures/Plastic/PlasticRough_Albedo.tif
  artifactKey: Guid(7b82d12aad56cc445b99fd1cf06a232d) Importer(815301076,1909f56bfc062723c751e8b465ee728b)
Start importing Assets/ExampleAssets/Textures/Plastic/PlasticRough_Albedo.tif using Guid(7b82d12aad56cc445b99fd1cf06a232d) Importer(815301076,1909f56bfc062723c751e8b465ee728b)  -> (artifact id: '8c513c69086fa5dbff25e06e2fc587b6') in 0.017934 seconds 
  Import took 0.026410 seconds .

========================================================================
Received Import Request.
  Time since last request: 0.000458 seconds.
  path: Assets/ExampleAssets/Textures/Wood/OBS_Albedo.tif
  artifactKey: Guid(7140a9bc83a12ea49a081dda89216fff) Importer(815301076,1909f56bfc062723c751e8b465ee728b)
Start importing Assets/ExampleAssets/Textures/Wood/OBS_Albedo.tif using Guid(7140a9bc83a12ea49a081dda89216fff) Importer(815301076,1909f56bfc062723c751e8b465ee728b)  -> (artifact id: 'e28dd3ef6200fe139f28e59b57610b67') in 0.022622 seconds 
  Import took 0.030623 seconds .

========================================================================
Received Import Request.
  Time since last request: 0.000268 seconds.
  path: Assets/Polytope Studio/Lowpoly Medieval Props/Sources/Textures/PT_Medieval_texture.tga
  artifactKey: Guid(a42dbb1cb50b40c4eb5413a146579045) Importer(815301076,1909f56bfc062723c751e8b465ee728b)
Start importing Assets/Polytope Studio/Lowpoly Medieval Props/Sources/Textures/PT_Medieval_texture.tga using Guid(a42dbb1cb50b40c4eb5413a146579045) Importer(815301076,1909f56bfc062723c751e8b465ee728b)  -> (artifact id: '00863e877a64b0a569073cddada07fcd') in 0.464769 seconds 
  Import took 0.470659 seconds .

========================================================================
Received Import Request.
  Time since last request: 0.000388 seconds.
  path: Assets/Training_dummy/Texture/training_dummy.png
  artifactKey: Guid(e6ea158b31b4d6c4da5de15073234555) Importer(815301076,1909f56bfc062723c751e8b465ee728b)
Start importing Assets/Training_dummy/Texture/training_dummy.png using Guid(e6ea158b31b4d6c4da5de15073234555) Importer(815301076,1909f56bfc062723c751e8b465ee728b)  -> (artifact id: '329e3aa6ce547a6343776c5b46a3b466') in 0.075555 seconds 
  Import took 0.081475 seconds .

========================================================================
Received Import Request.
  Time since last request: 0.000510 seconds.
  path: Assets/TutorialInfo/Icons/UniversalIcon.png
  artifactKey: Guid(7801804018a7dcf42abb827444e18660) Importer(815301076,1909f56bfc062723c751e8b465ee728b)
Start importing Assets/TutorialInfo/Icons/UniversalIcon.png using Guid(7801804018a7dcf42abb827444e18660) Importer(815301076,1909f56bfc062723c751e8b465ee728b)  -> (artifact id: '2469af74232faa562fa73eb837360c84') in 0.027591 seconds 
  Import took 0.033333 seconds .

========================================================================
Received Import Request.
  Time since last request: 0.000312 seconds.
  path: Assets/Polytope Studio/Lowpoly Medieval Characters/Sources/Modular_Armors/Textures/PT_Medieval_Armors_Cloth_Mask_01.png
  artifactKey: Guid(e4f1621d61032d045964d463b3806afe) Importer(815301076,1909f56bfc062723c751e8b465ee728b)
Start importing Assets/Polytope Studio/Lowpoly Medieval Characters/Sources/Modular_Armors/Textures/PT_Medieval_Armors_Cloth_Mask_01.png using Guid(e4f1621d61032d045964d463b3806afe) Importer(815301076,1909f56bfc062723c751e8b465ee728b)  -> (artifact id: '6f6007fb7ade494089d5125f3db0f9f0') in 0.019534 seconds 
  Import took 0.028180 seconds .

========================================================================
Received Import Request.
  Time since last request: 0.000357 seconds.
  path: Assets/ExampleAssets/Textures/Props/Hammer/Hammer_MetallicOcculusionSmoothness.tif
  artifactKey: Guid(6c509e4ae024b5e4faeefb92dab5c812) Importer(815301076,1909f56bfc062723c751e8b465ee728b)
Start importing Assets/ExampleAssets/Textures/Props/Hammer/Hammer_MetallicOcculusionSmoothness.tif using Guid(6c509e4ae024b5e4faeefb92dab5c812) Importer(815301076,1909f56bfc062723c751e8b465ee728b)  -> (artifact id: '195a1284a9b901d228e8f6891dc4588c') in 0.018280 seconds 
  Import took 0.025686 seconds .

========================================================================
Received Import Request.
  Time since last request: 0.000359 seconds.
  path: Assets/ExampleAssets/Textures/Wood/OBS_MetallicOcculusionSmoothness.tif
  artifactKey: Guid(22638a9216f1ebf4cb43273a00879f51) Importer(815301076,1909f56bfc062723c751e8b465ee728b)
Start importing Assets/ExampleAssets/Textures/Wood/OBS_MetallicOcculusionSmoothness.tif using Guid(22638a9216f1ebf4cb43273a00879f51) Importer(815301076,1909f56bfc062723c751e8b465ee728b)  -> (artifact id: '6f5e22549fe5c432bfb08d408e4a8608') in 0.022389 seconds 
  Import took 0.032735 seconds .

========================================================================
Received Import Request.
  Time since last request: 0.000301 seconds.
  path: Assets/ExampleAssets/Textures/Wood/Plywood_Normal.tif
  artifactKey: Guid(2148396b133b56f40baa7ea4fd22982a) Importer(815301076,1909f56bfc062723c751e8b465ee728b)
Start importing Assets/ExampleAssets/Textures/Wood/Plywood_Normal.tif using Guid(2148396b133b56f40baa7ea4fd22982a) Importer(815301076,1909f56bfc062723c751e8b465ee728b)  -> (artifact id: '8ad6edb0a38e2d06c71b55039ce2ad63') in 0.026861 seconds 
  Import took 0.035759 seconds .

========================================================================
Received Import Request.
  Time since last request: 0.000416 seconds.
  path: Assets/ExampleAssets/Textures/Plastic/Plastic_AlbedoSmoothness.tif
  artifactKey: Guid(1f89fed00b6bc904c861ab847a811cb8) Importer(815301076,1909f56bfc062723c751e8b465ee728b)
Start importing Assets/ExampleAssets/Textures/Plastic/Plastic_AlbedoSmoothness.tif using Guid(1f89fed00b6bc904c861ab847a811cb8) Importer(815301076,1909f56bfc062723c751e8b465ee728b)  -> (artifact id: '0a1e2ad70acd46251732a36607f34b62') in 0.022628 seconds 
  Import took 0.031029 seconds .

========================================================================
Received Import Request.
  Time since last request: 0.000338 seconds.
  path: Assets/Polytope Studio/Lowpoly Medieval Demos/Skeleton_Free_Asset/PT_Medieval_Sky_Color_01.png
  artifactKey: Guid(ed6a02cf35050524883e8c6f17a9f999) Importer(815301076,1909f56bfc062723c751e8b465ee728b)
Start importing Assets/Polytope Studio/Lowpoly Medieval Demos/Skeleton_Free_Asset/PT_Medieval_Sky_Color_01.png using Guid(ed6a02cf35050524883e8c6f17a9f999) Importer(815301076,1909f56bfc062723c751e8b465ee728b)  -> (artifact id: '0c86b085a354accb1b8925aee043ed88') in 0.075725 seconds 
  Import took 0.083559 seconds .

========================================================================
Received Import Request.
  Time since last request: 0.000737 seconds.
  path: Assets/ExampleAssets/Textures/Props/HardHat/SafetyHat_MetallicOcculusionSmoothness.tif
  artifactKey: Guid(6f61f8dd4499250438f1aa39448e860a) Importer(815301076,1909f56bfc062723c751e8b465ee728b)
Start importing Assets/ExampleAssets/Textures/Props/HardHat/SafetyHat_MetallicOcculusionSmoothness.tif using Guid(6f61f8dd4499250438f1aa39448e860a) Importer(815301076,1909f56bfc062723c751e8b465ee728b)  -> (artifact id: 'b5ddfb63e62d1213c62254721b6977ba') in 0.019354 seconds 
  Import took 0.028529 seconds .

========================================================================
Received Import Request.
  Time since last request: 0.000381 seconds.
  path: Assets/ExampleAssets/Textures/Plastic/Elastic_MetallicOcculusionSmoothness.tif
  artifactKey: Guid(f5df2fb0c070b57429f8ca23b216093b) Importer(815301076,1909f56bfc062723c751e8b465ee728b)
Start importing Assets/ExampleAssets/Textures/Plastic/Elastic_MetallicOcculusionSmoothness.tif using Guid(f5df2fb0c070b57429f8ca23b216093b) Importer(815301076,1909f56bfc062723c751e8b465ee728b)  -> (artifact id: 'c3fe53ede3d2ad0e52eb12523c7f5d3d') in 0.018831 seconds 
  Import took 0.026522 seconds .

========================================================================
Received Import Request.
  Time since last request: 0.000297 seconds.
  path: Assets/ExampleAssets/Textures/Metal/Metal_MetallicSmoothness.tif
  artifactKey: Guid(40da0395b61db4448b98bab66d6b549c) Importer(815301076,1909f56bfc062723c751e8b465ee728b)
Start importing Assets/ExampleAssets/Textures/Metal/Metal_MetallicSmoothness.tif using Guid(40da0395b61db4448b98bab66d6b549c) Importer(815301076,1909f56bfc062723c751e8b465ee728b)  -> (artifact id: '4e81fa26bdee9feb69fc98217429bb48') in 0.019263 seconds 
  Import took 0.024816 seconds .

========================================================================
Received Import Request.
  Time since last request: 0.000305 seconds.
  path: Assets/ExampleAssets/Textures/Metal/Metal_Normal.tif
  artifactKey: Guid(3b0b7c1f4ac9f6b499e27cf84e722ff4) Importer(815301076,1909f56bfc062723c751e8b465ee728b)
Start importing Assets/ExampleAssets/Textures/Metal/Metal_Normal.tif using Guid(3b0b7c1f4ac9f6b499e27cf84e722ff4) Importer(815301076,1909f56bfc062723c751e8b465ee728b)  -> (artifact id: '0c4e6c99857cfa609e4eb4bf546c6cd8') in 0.016498 seconds 
  Import took 0.024572 seconds .

========================================================================
Received Import Request.
  Time since last request: 0.000421 seconds.
  path: Assets/ExampleAssets/Textures/Concrete/Ground_MetallicOcculusionSmoothness.tif
  artifactKey: Guid(a8d38587573a5f34c91c4ae0fbd8bfef) Importer(815301076,1909f56bfc062723c751e8b465ee728b)
Start importing Assets/ExampleAssets/Textures/Concrete/Ground_MetallicOcculusionSmoothness.tif using Guid(a8d38587573a5f34c91c4ae0fbd8bfef) Importer(815301076,1909f56bfc062723c751e8b465ee728b)  -> (artifact id: 'aeb55671b8d96876caa842640f08faf3') in 0.018899 seconds 
  Import took 0.026143 seconds .

========================================================================
Received Import Request.
  Time since last request: 0.000242 seconds.
  path: Assets/ExampleAssets/Textures/Props/Paint/Paint1G_Normal.tif
  artifactKey: Guid(ac80c335ebd6dde4fa54a82050064545) Importer(815301076,1909f56bfc062723c751e8b465ee728b)
Start importing Assets/ExampleAssets/Textures/Props/Paint/Paint1G_Normal.tif using Guid(ac80c335ebd6dde4fa54a82050064545) Importer(815301076,1909f56bfc062723c751e8b465ee728b)  -> (artifact id: '4b737faff31f39940a9256cbbf8fecff') in 0.023627 seconds 
  Import took 0.032821 seconds .

========================================================================
Received Import Request.
  Time since last request: 0.000312 seconds.
  path: Assets/ExampleAssets/Textures/Props/Paint/Paint5G_AlbedoSmoothness.tif
  artifactKey: Guid(5d25a5cd577a4c54e94fdf9cc6f1a631) Importer(815301076,1909f56bfc062723c751e8b465ee728b)
Start importing Assets/ExampleAssets/Textures/Props/Paint/Paint5G_AlbedoSmoothness.tif using Guid(5d25a5cd577a4c54e94fdf9cc6f1a631) Importer(815301076,1909f56bfc062723c751e8b465ee728b)  -> (artifact id: '46497461ad13ec5bb87076daebb413ec') in 0.022073 seconds 
  Import took 0.030731 seconds .

========================================================================
Received Import Request.
  Time since last request: 0.000390 seconds.
  path: Assets/Polytope Studio/Lowpoly Medieval Environments/Sources/Textures/PT_Medieval_Grass_01.png
  artifactKey: Guid(4ff20847a3416854f8ef5b193af94e49) Importer(815301076,1909f56bfc062723c751e8b465ee728b)
Start importing Assets/Polytope Studio/Lowpoly Medieval Environments/Sources/Textures/PT_Medieval_Grass_01.png using Guid(4ff20847a3416854f8ef5b193af94e49) Importer(815301076,1909f56bfc062723c751e8b465ee728b)  -> (artifact id: 'f2fd91e99d21456e26280c12fad41465') in 0.025172 seconds 
  Import took 0.038429 seconds .

========================================================================
Received Import Request.
  Time since last request: 0.000445 seconds.
  path: Assets/ExampleAssets/Textures/Drywall/Drywall_AlbedoSmoothness.tif
  artifactKey: Guid(3e11968c372730442aae3b4f7c909931) Importer(815301076,1909f56bfc062723c751e8b465ee728b)
Start importing Assets/ExampleAssets/Textures/Drywall/Drywall_AlbedoSmoothness.tif using Guid(3e11968c372730442aae3b4f7c909931) Importer(815301076,1909f56bfc062723c751e8b465ee728b)  -> (artifact id: '5ed8573117dfc88bf695745e2de0a4c9') in 0.026541 seconds 
  Import took 0.037927 seconds .

========================================================================
Received Import Request.
  Time since last request: 0.000372 seconds.
  path: Assets/ExampleAssets/Textures/Props/Paint/Paintbrush_MetallicOcculusionSmoothness.tif
  artifactKey: Guid(888916a5e87c05948b1a97b3c0d42556) Importer(815301076,1909f56bfc062723c751e8b465ee728b)
Start importing Assets/ExampleAssets/Textures/Props/Paint/Paintbrush_MetallicOcculusionSmoothness.tif using Guid(888916a5e87c05948b1a97b3c0d42556) Importer(815301076,1909f56bfc062723c751e8b465ee728b)  -> (artifact id: 'f07028616e69752981944285df8fa39e') in 0.030163 seconds 
  Import took 0.038167 seconds .

========================================================================
Received Import Request.
  Time since last request: 0.000280 seconds.
  path: Assets/Polytope Studio/Lowpoly Medieval Environments/Sources/Textures/PT_Medieval_Grass_Texture_01.png
  artifactKey: Guid(695c0ed5e740a5a41ba6d353f8ef44a7) Importer(815301076,1909f56bfc062723c751e8b465ee728b)
Start importing Assets/Polytope Studio/Lowpoly Medieval Environments/Sources/Textures/PT_Medieval_Grass_Texture_01.png using Guid(695c0ed5e740a5a41ba6d353f8ef44a7) Importer(815301076,1909f56bfc062723c751e8b465ee728b)  -> (artifact id: '66e7e22d2ce5f7baeb90a7fa47a78186') in 0.028712 seconds 
  Import took 0.038915 seconds .

========================================================================
Received Import Request.
  Time since last request: 0.000238 seconds.
  path: Assets/Polytope Studio/Lowpoly Medieval Characters/Sources/Modular_Armors/Textures/PT_Medieval_Armors_Base_Texture.png
  artifactKey: Guid(004b7cabc9421734bb88a754e99fd641) Importer(815301076,1909f56bfc062723c751e8b465ee728b)
Start importing Assets/Polytope Studio/Lowpoly Medieval Characters/Sources/Modular_Armors/Textures/PT_Medieval_Armors_Base_Texture.png using Guid(004b7cabc9421734bb88a754e99fd641) Importer(815301076,1909f56bfc062723c751e8b465ee728b)  -> (artifact id: '0278145d8bee5decbff2944438724cf8') in 0.018046 seconds 
  Import took 0.025001 seconds .

========================================================================
Received Import Request.
  Time since last request: 0.000347 seconds.
  path: Assets/ExampleAssets/Textures/Props/HardHat/SafetyHat_Albedo.tif
  artifactKey: Guid(dd61af2ec9847eb4d8e17529fa61b143) Importer(815301076,1909f56bfc062723c751e8b465ee728b)
Start importing Assets/ExampleAssets/Textures/Props/HardHat/SafetyHat_Albedo.tif using Guid(dd61af2ec9847eb4d8e17529fa61b143) Importer(815301076,1909f56bfc062723c751e8b465ee728b)  -> (artifact id: '334eb5160f2e9d204dca1c4debab3244') in 0.021681 seconds 
  Import took 0.029028 seconds .

========================================================================
Received Import Request.
  Time since last request: 0.000183 seconds.
  path: Assets/ExampleAssets/Textures/Props/Jigsaw/Jigsaw_Normal.tif
  artifactKey: Guid(06969fc081d8cc146af6634f75abe652) Importer(815301076,1909f56bfc062723c751e8b465ee728b)
Start importing Assets/ExampleAssets/Textures/Props/Jigsaw/Jigsaw_Normal.tif using Guid(06969fc081d8cc146af6634f75abe652) Importer(815301076,1909f56bfc062723c751e8b465ee728b)  -> (artifact id: '77cce1b1da3ceaef17d90a5513f3032f') in 0.018064 seconds 
  Import took 0.024843 seconds .

========================================================================
Received Import Request.
  Time since last request: 0.000344 seconds.
  path: Assets/ExampleAssets/Textures/Props/Hammer/Hammer_Albedo.tif
  artifactKey: Guid(59c8de363dc14c54986d0751c2c38342) Importer(815301076,1909f56bfc062723c751e8b465ee728b)
Start importing Assets/ExampleAssets/Textures/Props/Hammer/Hammer_Albedo.tif using Guid(59c8de363dc14c54986d0751c2c38342) Importer(815301076,1909f56bfc062723c751e8b465ee728b)  -> (artifact id: '715101e8fc0fafacea1213a8a4796276') in 0.020125 seconds 
  Import took 0.027075 seconds .

========================================================================
Received Import Request.
  Time since last request: 0.000258 seconds.
  path: Assets/ExampleAssets/Textures/Plastic/PlasticRidges_MetallicOcculusionSmoothness.tif
  artifactKey: Guid(201c1f77fe872924a86132486bc97e82) Importer(815301076,1909f56bfc062723c751e8b465ee728b)
Start importing Assets/ExampleAssets/Textures/Plastic/PlasticRidges_MetallicOcculusionSmoothness.tif using Guid(201c1f77fe872924a86132486bc97e82) Importer(815301076,1909f56bfc062723c751e8b465ee728b)  -> (artifact id: '3dd47a915baa5d60706576cc304c5363') in 0.018063 seconds 
  Import took 0.026037 seconds .

========================================================================
Received Import Request.
  Time since last request: 0.000193 seconds.
  path: Assets/ExampleAssets/Textures/Plastic/PlasticRidges_Albedo.tif
  artifactKey: Guid(ecb23393a0d1b424a82fff68a4c00a66) Importer(815301076,1909f56bfc062723c751e8b465ee728b)
Start importing Assets/ExampleAssets/Textures/Plastic/PlasticRidges_Albedo.tif using Guid(ecb23393a0d1b424a82fff68a4c00a66) Importer(815301076,1909f56bfc062723c751e8b465ee728b)  -> (artifact id: 'b43e6930eb1a08bb4420d322c7229155') in 0.016321 seconds 
  Import took 0.022556 seconds .

========================================================================
Received Import Request.
  Time since last request: 0.000235 seconds.
  path: Assets/Polytope Studio/Lowpoly Medieval Environments/Sources/Textures/PT_Medieval_Grass_04.png
  artifactKey: Guid(71ff02cda8b618d408e7a893dcc5bd4c) Importer(815301076,1909f56bfc062723c751e8b465ee728b)
Start importing Assets/Polytope Studio/Lowpoly Medieval Environments/Sources/Textures/PT_Medieval_Grass_04.png using Guid(71ff02cda8b618d408e7a893dcc5bd4c) Importer(815301076,1909f56bfc062723c751e8b465ee728b)  -> (artifact id: 'd467d9880fe2cc0a19373d9f7a445bac') in 0.018536 seconds 
  Import took 0.026675 seconds .

========================================================================
Received Import Request.
  Time since last request: 0.000230 seconds.
  path: Assets/ExampleAssets/Textures/Props/Jigsaw/Jigsaw_Albedo.tif
  artifactKey: Guid(b3f247b26e080ca468f1daa963c192ee) Importer(815301076,1909f56bfc062723c751e8b465ee728b)
Start importing Assets/ExampleAssets/Textures/Props/Jigsaw/Jigsaw_Albedo.tif using Guid(b3f247b26e080ca468f1daa963c192ee) Importer(815301076,1909f56bfc062723c751e8b465ee728b)  -> (artifact id: 'f2c5f1483531c7b8e8a454ae6dbe5d88') in 0.017987 seconds 
  Import took 0.023865 seconds .

========================================================================
Received Import Request.
  Time since last request: 0.000235 seconds.
  path: Assets/ExampleAssets/Textures/Props/HardHat/SafetyHat_Normal.tif
  artifactKey: Guid(d608c45da8580c9408ee50eb9a8c40f3) Importer(815301076,1909f56bfc062723c751e8b465ee728b)
Start importing Assets/ExampleAssets/Textures/Props/HardHat/SafetyHat_Normal.tif using Guid(d608c45da8580c9408ee50eb9a8c40f3) Importer(815301076,1909f56bfc062723c751e8b465ee728b)  -> (artifact id: '0155f9fc28286a2d28ba97c7187e91cc') in 0.018582 seconds 
  Import took 0.026058 seconds .

========================================================================
Received Import Request.
  Time since last request: 0.000235 seconds.
  path: Assets/Polytope Studio/Lowpoly Medieval Characters/Sources/Modular_Armors/Textures/PT_Medieval_Armors_Feathers_Mask_02.png
  artifactKey: Guid(ae91646efc13ec44f8ccc5b5db2d6a8d) Importer(815301076,1909f56bfc062723c751e8b465ee728b)
Start importing Assets/Polytope Studio/Lowpoly Medieval Characters/Sources/Modular_Armors/Textures/PT_Medieval_Armors_Feathers_Mask_02.png using Guid(ae91646efc13ec44f8ccc5b5db2d6a8d) Importer(815301076,1909f56bfc062723c751e8b465ee728b)  -> (artifact id: '1021c8529aed59c7cd57c279136cce23') in 0.015491 seconds 
  Import took 0.021122 seconds .

========================================================================
Received Import Request.
  Time since last request: 0.000225 seconds.
  path: Assets/ExampleAssets/Textures/Concrete/Ground_Normal.tif
  artifactKey: Guid(fab85e0cacda9644a99e5182a86b71f5) Importer(815301076,1909f56bfc062723c751e8b465ee728b)
Start importing Assets/ExampleAssets/Textures/Concrete/Ground_Normal.tif using Guid(fab85e0cacda9644a99e5182a86b71f5) Importer(815301076,1909f56bfc062723c751e8b465ee728b)  -> (artifact id: 'b03ee8e47df99957ed6ccb3030558fc2') in 0.018196 seconds 
  Import took 0.027101 seconds .

========================================================================
Received Import Request.
  Time since last request: 0.000207 seconds.
  path: Assets/ExampleAssets/Textures/Props/Paint/Paint1G_MetallicOcculusionRoughness.tif
  artifactKey: Guid(ca084ebab0cef7c4ba746cdb442f9c1e) Importer(815301076,1909f56bfc062723c751e8b465ee728b)
Start importing Assets/ExampleAssets/Textures/Props/Paint/Paint1G_MetallicOcculusionRoughness.tif using Guid(ca084ebab0cef7c4ba746cdb442f9c1e) Importer(815301076,1909f56bfc062723c751e8b465ee728b)  -> (artifact id: '5a3d4057da4e7e997ea4ccf8fd4cd6d4') in 0.022977 seconds 
  Import took 0.031067 seconds .

========================================================================
Received Import Request.
  Time since last request: 0.000213 seconds.
  path: Assets/ExampleAssets/Textures/Drywall/DrywallPainted_Normal.tif
  artifactKey: Guid(2cd242c9999e92b4ca96dab876cfaf13) Importer(815301076,1909f56bfc062723c751e8b465ee728b)
Start importing Assets/ExampleAssets/Textures/Drywall/DrywallPainted_Normal.tif using Guid(2cd242c9999e92b4ca96dab876cfaf13) Importer(815301076,1909f56bfc062723c751e8b465ee728b)  -> (artifact id: 'f419129674622345ff944ef16b90372a') in 0.016779 seconds 
  Import took 0.022691 seconds .

========================================================================
Received Import Request.
  Time since last request: 0.000214 seconds.
  path: Assets/TutorialInfo/Icons/Help_Icon.png
  artifactKey: Guid(34f556d724b1bbf4097ca6220db2c581) Importer(815301076,1909f56bfc062723c751e8b465ee728b)
Start importing Assets/TutorialInfo/Icons/Help_Icon.png using Guid(34f556d724b1bbf4097ca6220db2c581) Importer(815301076,1909f56bfc062723c751e8b465ee728b)  -> (artifact id: 'd44cd57fc4feab842adb57b231d71887') in 0.027681 seconds 
  Import took 0.034449 seconds .

========================================================================
Received Import Request.
  Time since last request: 0.000273 seconds.
  path: Assets/Polytope Studio/Lowpoly Medieval Environments/Sources/Textures/PT_Medieval_Mountain_Texture_01.png
  artifactKey: Guid(e53001c6fcc7c0f48b421b5aad8226f1) Importer(815301076,1909f56bfc062723c751e8b465ee728b)
Start importing Assets/Polytope Studio/Lowpoly Medieval Environments/Sources/Textures/PT_Medieval_Mountain_Texture_01.png using Guid(e53001c6fcc7c0f48b421b5aad8226f1) Importer(815301076,1909f56bfc062723c751e8b465ee728b)  -> (artifact id: '7d9104aebf28302a9545ad1d7fd7e211') in 0.025421 seconds 
  Import took 0.034404 seconds .

========================================================================
Received Import Request.
  Time since last request: 0.000267 seconds.
  path: Assets/ExampleAssets/Textures/Plastic/PlasticRough_MetallicOcculusionSmoothness.tif
  artifactKey: Guid(ee7680f1374ab4449b6d5f6b2c2c1936) Importer(815301076,1909f56bfc062723c751e8b465ee728b)
Start importing Assets/ExampleAssets/Textures/Plastic/PlasticRough_MetallicOcculusionSmoothness.tif using Guid(ee7680f1374ab4449b6d5f6b2c2c1936) Importer(815301076,1909f56bfc062723c751e8b465ee728b)  -> (artifact id: '232cd428ebfb2367aef618616cd2e543') in 0.015883 seconds 
  Import took 0.023386 seconds .

========================================================================
Received Import Request.
  Time since last request: 0.000359 seconds.
  path: Assets/Polytope Studio/Lowpoly Medieval Demos/Skeleton_Free_Asset/Terrain.asset
  artifactKey: Guid(306293efb88a6eb40b690b26bb2d6393) Importer(815301076,1909f56bfc062723c751e8b465ee728b)
Start importing Assets/Polytope Studio/Lowpoly Medieval Demos/Skeleton_Free_Asset/Terrain.asset using Guid(306293efb88a6eb40b690b26bb2d6393) Importer(815301076,1909f56bfc062723c751e8b465ee728b)  -> (artifact id: '7ac4bd2db322ec87e4410bd62418a331') in 0.188239 seconds 
  Import took 0.203438 seconds .

========================================================================
Received Import Request.
  Time since last request: 0.000576 seconds.
  path: Assets/Polytope Studio/Lowpoly Medieval Demos/Skeleton_Free_Asset/sky color.png
  artifactKey: Guid(bef417c039399c84b93978dbaa808d3b) Importer(815301076,1909f56bfc062723c751e8b465ee728b)
Start importing Assets/Polytope Studio/Lowpoly Medieval Demos/Skeleton_Free_Asset/sky color.png using Guid(bef417c039399c84b93978dbaa808d3b) Importer(815301076,1909f56bfc062723c751e8b465ee728b)  -> (artifact id: '237219bef49fa3b89ac6f951184b2b97') in 0.041002 seconds 
  Import took 0.050906 seconds .

========================================================================
Received Import Request.
  Time since last request: 0.000357 seconds.
  path: Assets/Polytope Studio/Lowpoly Medieval Weapons/Sources/Textures/PT_Medieval_texture.tga
  artifactKey: Guid(e96a5ae1188418a40a7e612fa73a6ecd) Importer(815301076,1909f56bfc062723c751e8b465ee728b)
Start importing Assets/Polytope Studio/Lowpoly Medieval Weapons/Sources/Textures/PT_Medieval_texture.tga using Guid(e96a5ae1188418a40a7e612fa73a6ecd) Importer(815301076,1909f56bfc062723c751e8b465ee728b)  -> (artifact id: '31dfdfc7908902c7a38fb3caea79163c') in 0.015676 seconds 
  Import took 0.023031 seconds .

========================================================================
Received Import Request.
  Time since last request: 0.000284 seconds.
  path: Assets/ExampleAssets/Textures/Wood/Plywood_MetallicOcculusionSmoothness.tif
  artifactKey: Guid(2e38f7921b7d7b1418ab63c08117ffb8) Importer(815301076,1909f56bfc062723c751e8b465ee728b)
Start importing Assets/ExampleAssets/Textures/Wood/Plywood_MetallicOcculusionSmoothness.tif using Guid(2e38f7921b7d7b1418ab63c08117ffb8) Importer(815301076,1909f56bfc062723c751e8b465ee728b)  -> (artifact id: 'edfc590a6b00b0149078dbfd987ea86d') in 0.018921 seconds 
  Import took 0.027592 seconds .

========================================================================
Received Import Request.
  Time since last request: 0.000602 seconds.
  path: Assets/ExampleAssets/Textures/Props/Jigsaw/Jigsaw_MetallicOcculusionSmoothness.tif
  artifactKey: Guid(3017ed6fed9d3bb49ba99bf738e2d626) Importer(815301076,1909f56bfc062723c751e8b465ee728b)
Start importing Assets/ExampleAssets/Textures/Props/Jigsaw/Jigsaw_MetallicOcculusionSmoothness.tif using Guid(3017ed6fed9d3bb49ba99bf738e2d626) Importer(815301076,1909f56bfc062723c751e8b465ee728b)  -> (artifact id: 'c897cacf8311cf0ac86477642db90c30') in 0.020637 seconds 
  Import took 0.027673 seconds .

========================================================================
Received Import Request.
  Time since last request: 0.000337 seconds.
  path: Assets/Polytope Studio/Lowpoly Medieval Characters/Sources/Modular_Armors/Textures/PT_Medieval_Armors_Lips_Scars_Mask_01.png
  artifactKey: Guid(9a688ecd3c6cbee4cb2a528bf72399d4) Importer(815301076,1909f56bfc062723c751e8b465ee728b)
Start importing Assets/Polytope Studio/Lowpoly Medieval Characters/Sources/Modular_Armors/Textures/PT_Medieval_Armors_Lips_Scars_Mask_01.png using Guid(9a688ecd3c6cbee4cb2a528bf72399d4) Importer(815301076,1909f56bfc062723c751e8b465ee728b)  -> (artifact id: '7d94b540fb54e27697abc5606c9f0854') in 0.016103 seconds 
  Import took 0.022908 seconds .

========================================================================
Received Import Request.
  Time since last request: 0.000302 seconds.
  path: Assets/Polytope Studio/Lowpoly Medieval Characters/Sources/Modular_Armors/Textures/PT_Medieval_Armors_Leather_Mask_01.png
  artifactKey: Guid(9c0e067347abba2489817b3ce813c911) Importer(815301076,1909f56bfc062723c751e8b465ee728b)
Start importing Assets/Polytope Studio/Lowpoly Medieval Characters/Sources/Modular_Armors/Textures/PT_Medieval_Armors_Leather_Mask_01.png using Guid(9c0e067347abba2489817b3ce813c911) Importer(815301076,1909f56bfc062723c751e8b465ee728b)  -> (artifact id: '516286c14f86e3179711001587947c62') in 0.018636 seconds 
  Import took 0.025346 seconds .

========================================================================
Received Import Request.
  Time since last request: 0.000300 seconds.
  path: Assets/Polytope Studio/Lowpoly Medieval Environments/Sources/Textures/PT_Medieval_texture.tga
  artifactKey: Guid(a328ef499f807304098fa10a639db73a) Importer(815301076,1909f56bfc062723c751e8b465ee728b)
Start importing Assets/Polytope Studio/Lowpoly Medieval Environments/Sources/Textures/PT_Medieval_texture.tga using Guid(a328ef499f807304098fa10a639db73a) Importer(815301076,1909f56bfc062723c751e8b465ee728b)  -> (artifact id: '8f252990aecdad64acc14401c142a4e0') in 0.008429 seconds 
  Import took 0.015921 seconds .

========================================================================
Received Import Request.
  Time since last request: 0.000204 seconds.
  path: Assets/ExampleAssets/Textures/Wood/Plywood_Albedo.tif
  artifactKey: Guid(9644eb6aca67672449e2bcbb0eab8e84) Importer(815301076,1909f56bfc062723c751e8b465ee728b)
Start importing Assets/ExampleAssets/Textures/Wood/Plywood_Albedo.tif using Guid(9644eb6aca67672449e2bcbb0eab8e84) Importer(815301076,1909f56bfc062723c751e8b465ee728b)  -> (artifact id: '4f57c3f7f84bfeff6b24ca6b1cf28cad') in 0.017575 seconds 
  Import took 0.023531 seconds .

========================================================================
Received Import Request.
  Time since last request: 0.000319 seconds.
  path: Assets/ExampleAssets/Textures/Plastic/PlasticRidges_Normal.tif
  artifactKey: Guid(c021d051fa0cba84282b4a2577aa85c5) Importer(815301076,1909f56bfc062723c751e8b465ee728b)
Start importing Assets/ExampleAssets/Textures/Plastic/PlasticRidges_Normal.tif using Guid(c021d051fa0cba84282b4a2577aa85c5) Importer(815301076,1909f56bfc062723c751e8b465ee728b)  -> (artifact id: '5c2a0e6d6cdc3efb04e743ac3a4ef889') in 0.014522 seconds 
  Import took 0.020492 seconds .

========================================================================
Received Import Request.
  Time since last request: 0.000236 seconds.
  path: Assets/Polytope Studio/Lowpoly Medieval Characters/Sources/Modular_Armors/Textures/PT_Medieval_Armors_Gems_Mask_01.png
  artifactKey: Guid(7d388dc79e41c6f498271666b30c0630) Importer(815301076,1909f56bfc062723c751e8b465ee728b)
Start importing Assets/Polytope Studio/Lowpoly Medieval Characters/Sources/Modular_Armors/Textures/PT_Medieval_Armors_Gems_Mask_01.png using Guid(7d388dc79e41c6f498271666b30c0630) Importer(815301076,1909f56bfc062723c751e8b465ee728b)  -> (artifact id: '9e0d34a4a4b0327170740b929d1792d8') in 0.012194 seconds 
  Import took 0.018658 seconds .

========================================================================
Received Import Request.
  Time since last request: 0.000197 seconds.
  path: Assets/ExampleAssets/Textures/Props/Construction_Light/ConstructionLight_MetallicOcculusionSmoothness.tif
  artifactKey: Guid(9a81f1a59f171804e84fce76584bdcb7) Importer(815301076,1909f56bfc062723c751e8b465ee728b)
Start importing Assets/ExampleAssets/Textures/Props/Construction_Light/ConstructionLight_MetallicOcculusionSmoothness.tif using Guid(9a81f1a59f171804e84fce76584bdcb7) Importer(815301076,1909f56bfc062723c751e8b465ee728b)  -> (artifact id: '7eaee825fee49737c47450774b31e7c8') in 0.013173 seconds 
  Import took 0.018367 seconds .

========================================================================
Received Import Request.
  Time since last request: 0.000183 seconds.
  path: Assets/ExampleAssets/Textures/Wood/OBS_Normal.tif
  artifactKey: Guid(fcce267dfc966b6408dc2ebe0cfb60ed) Importer(815301076,1909f56bfc062723c751e8b465ee728b)
Start importing Assets/ExampleAssets/Textures/Wood/OBS_Normal.tif using Guid(fcce267dfc966b6408dc2ebe0cfb60ed) Importer(815301076,1909f56bfc062723c751e8b465ee728b)  -> (artifact id: '2652586975030c87d32000391e26784a') in 0.013513 seconds 
  Import took 0.020313 seconds .

========================================================================
Received Import Request.
  Time since last request: 0.000234 seconds.
  path: Assets/ExampleAssets/Textures/Props/Paint/Paint1G_Albedo.tif
  artifactKey: Guid(2de0d72a6700bd94ea57111b29e246fc) Importer(815301076,1909f56bfc062723c751e8b465ee728b)
Start importing Assets/ExampleAssets/Textures/Props/Paint/Paint1G_Albedo.tif using Guid(2de0d72a6700bd94ea57111b29e246fc) Importer(815301076,1909f56bfc062723c751e8b465ee728b)  -> (artifact id: 'ca17c87847de2b45ec72b8a088594d95') in 0.029012 seconds 
  Import took 0.034807 seconds .

========================================================================
Received Import Request.
  Time since last request: 0.000332 seconds.
  path: Assets/ExampleAssets/Textures/Drywall/Drywall_Normal.tif
  artifactKey: Guid(e231e4c02c48ee14aafa55f7b1a843c1) Importer(815301076,1909f56bfc062723c751e8b465ee728b)
Start importing Assets/ExampleAssets/Textures/Drywall/Drywall_Normal.tif using Guid(e231e4c02c48ee14aafa55f7b1a843c1) Importer(815301076,1909f56bfc062723c751e8b465ee728b)  -> (artifact id: '948a9c3de600e9b06db1da9a0cb6f09d') in 0.019363 seconds 
  Import took 0.026843 seconds .

========================================================================
Received Import Request.
  Time since last request: 0.000327 seconds.
  path: Assets/ExampleAssets/Textures/Concrete/Ground_Albedo.tif
  artifactKey: Guid(87ce03bd447ccce48bbff87ac0d8355f) Importer(815301076,1909f56bfc062723c751e8b465ee728b)
Start importing Assets/ExampleAssets/Textures/Concrete/Ground_Albedo.tif using Guid(87ce03bd447ccce48bbff87ac0d8355f) Importer(815301076,1909f56bfc062723c751e8b465ee728b)  -> (artifact id: '8a0dfe8d06391703a7363536e0aa0614') in 0.018720 seconds 
  Import took 0.024889 seconds .

========================================================================
Received Import Request.
  Time since last request: 0.000404 seconds.
  path: Assets/ExampleAssets/Textures/Plastic/Plastic_Normal.tif
  artifactKey: Guid(e109905c411b0f84e82eaaf2705ece30) Importer(815301076,1909f56bfc062723c751e8b465ee728b)
Start importing Assets/ExampleAssets/Textures/Plastic/Plastic_Normal.tif using Guid(e109905c411b0f84e82eaaf2705ece30) Importer(815301076,1909f56bfc062723c751e8b465ee728b)  -> (artifact id: '9ff5f95365018b301066b797947fc4a1') in 0.020300 seconds 
  Import took 0.027445 seconds .

========================================================================
Received Import Request.
  Time since last request: 0.000206 seconds.
  path: Assets/ExampleAssets/Textures/Plastic/Elastic_Normal.tif
  artifactKey: Guid(db17334dfe5991a4bbe241ee9a728c38) Importer(815301076,1909f56bfc062723c751e8b465ee728b)
Start importing Assets/ExampleAssets/Textures/Plastic/Elastic_Normal.tif using Guid(db17334dfe5991a4bbe241ee9a728c38) Importer(815301076,1909f56bfc062723c751e8b465ee728b)  -> (artifact id: '69cf2864fde43f79dc0d25d585cb8164') in 0.019272 seconds 
  Import took 0.026058 seconds .

========================================================================
Received Import Request.
  Time since last request: 0.000596 seconds.
  path: Assets/ExampleAssets/Textures/Props/Paint/Paintbrush_Normal.tif
  artifactKey: Guid(09e745bf0b8ff6a4bb5785d14168289a) Importer(815301076,1909f56bfc062723c751e8b465ee728b)
Start importing Assets/ExampleAssets/Textures/Props/Paint/Paintbrush_Normal.tif using Guid(09e745bf0b8ff6a4bb5785d14168289a) Importer(815301076,1909f56bfc062723c751e8b465ee728b)  -> (artifact id: '41eafcf91732874fd8161fe048a24a2c') in 0.020518 seconds 
  Import took 0.028899 seconds .

========================================================================
Received Import Request.
  Time since last request: 0.000259 seconds.
  path: Assets/Polytope Studio/Lowpoly Medieval Environments/Sources/Textures/PT_Medieval_Mud_Texture_03.png
  artifactKey: Guid(ce00b09c25868e74280dcbde243eb095) Importer(815301076,1909f56bfc062723c751e8b465ee728b)
Start importing Assets/Polytope Studio/Lowpoly Medieval Environments/Sources/Textures/PT_Medieval_Mud_Texture_03.png using Guid(ce00b09c25868e74280dcbde243eb095) Importer(815301076,1909f56bfc062723c751e8b465ee728b)  -> (artifact id: '38e71209b88fddf175131e1d8be6b7e7') in 0.033979 seconds 
  Import took 0.042186 seconds .

========================================================================
Received Import Request.
  Time since last request: 0.000261 seconds.
  path: Assets/Polytope Studio/Lowpoly Medieval Characters/Sources/Modular_Armors/Textures/PT_Medieval_Armors_Skin_Eye_Hair_Mask_01.png
  artifactKey: Guid(b76fe68d69ca53f43a4e6f66d135dd90) Importer(815301076,1909f56bfc062723c751e8b465ee728b)
Start importing Assets/Polytope Studio/Lowpoly Medieval Characters/Sources/Modular_Armors/Textures/PT_Medieval_Armors_Skin_Eye_Hair_Mask_01.png using Guid(b76fe68d69ca53f43a4e6f66d135dd90) Importer(815301076,1909f56bfc062723c751e8b465ee728b)  -> (artifact id: '960f3e10b5e5d99b16af26010f249b3c') in 0.018484 seconds 
  Import took 0.026161 seconds .

========================================================================
Received Import Request.
  Time since last request: 0.000345 seconds.
  path: Assets/ExampleAssets/Textures/Metal/Metal_Albedo.tif
  artifactKey: Guid(77583f99dea53b641804bb357092ec83) Importer(815301076,1909f56bfc062723c751e8b465ee728b)
Start importing Assets/ExampleAssets/Textures/Metal/Metal_Albedo.tif using Guid(77583f99dea53b641804bb357092ec83) Importer(815301076,1909f56bfc062723c751e8b465ee728b)  -> (artifact id: '9255e0559d7d951abdf11e8eafd47d15') in 0.017819 seconds 
  Import took 0.025348 seconds .

========================================================================
Received Import Request.
  Time since last request: 0.000344 seconds.
  path: Assets/ExampleAssets/Textures/Props/Paint/Paintbrush_Albedo.tif
  artifactKey: Guid(4675081b0baf66345adc734388155502) Importer(815301076,1909f56bfc062723c751e8b465ee728b)
Start importing Assets/ExampleAssets/Textures/Props/Paint/Paintbrush_Albedo.tif using Guid(4675081b0baf66345adc734388155502) Importer(815301076,1909f56bfc062723c751e8b465ee728b)  -> (artifact id: '71d2564902384411f4f878858f0c8efd') in 0.017916 seconds 
  Import took 0.024404 seconds .

========================================================================
Received Import Request.
  Time since last request: 0.000311 seconds.
  path: Assets/ExampleAssets/Textures/Drywall/Drywall_Albedo.tif
  artifactKey: Guid(eae496078d11426448124eaf8b285e6b) Importer(815301076,1909f56bfc062723c751e8b465ee728b)
Start importing Assets/ExampleAssets/Textures/Drywall/Drywall_Albedo.tif using Guid(eae496078d11426448124eaf8b285e6b) Importer(815301076,1909f56bfc062723c751e8b465ee728b)  -> (artifact id: '1762d013214bf69b5dd047b82b0c63b9') in 0.018947 seconds 
  Import took 0.026346 seconds .

========================================================================
Received Import Request.
  Time since last request: 0.000222 seconds.
  path: Assets/Polytope Studio/Lowpoly Medieval Characters/Sources/Modular_Armors/Textures/PT_Medieval_Armors_Skin_Eye_Hair_Mask_02.png
  artifactKey: Guid(59bb6b7d352551840bf2f30459145fa4) Importer(815301076,1909f56bfc062723c751e8b465ee728b)
Start importing Assets/Polytope Studio/Lowpoly Medieval Characters/Sources/Modular_Armors/Textures/PT_Medieval_Armors_Skin_Eye_Hair_Mask_02.png using Guid(59bb6b7d352551840bf2f30459145fa4) Importer(815301076,1909f56bfc062723c751e8b465ee728b)  -> (artifact id: '30076386e500bace32e2c18040d93f51') in 0.025217 seconds 
  Import took 0.030656 seconds .

========================================================================
Received Import Request.
  Time since last request: 0.000252 seconds.
  path: Assets/Polytope Studio/Lowpoly Medieval Characters/Sources/Modular_Armors/Textures/PT_Medieval_texture.tga
  artifactKey: Guid(093505a5d838d4149a9f207bf3c33662) Importer(815301076,1909f56bfc062723c751e8b465ee728b)
Start importing Assets/Polytope Studio/Lowpoly Medieval Characters/Sources/Modular_Armors/Textures/PT_Medieval_texture.tga using Guid(093505a5d838d4149a9f207bf3c33662) Importer(815301076,1909f56bfc062723c751e8b465ee728b)  -> (artifact id: '5ec5c902ff9aac6afc64bdbfb1a368e2') in 0.011016 seconds 
  Import took 0.018823 seconds .

========================================================================
Received Import Request.
  Time since last request: 0.000402 seconds.
  path: Assets/Polytope Studio/Lowpoly Medieval Characters/Sources/Modular_Armors/Textures/PT_Medieval_Armors_Metal_Mask_01.png
  artifactKey: Guid(47efbf030a9bb7f428ba51b46a2fdd03) Importer(815301076,1909f56bfc062723c751e8b465ee728b)
Start importing Assets/Polytope Studio/Lowpoly Medieval Characters/Sources/Modular_Armors/Textures/PT_Medieval_Armors_Metal_Mask_01.png using Guid(47efbf030a9bb7f428ba51b46a2fdd03) Importer(815301076,1909f56bfc062723c751e8b465ee728b)  -> (artifact id: 'acd02e911e1d12278f9988fcbb5ce83b') in 0.015827 seconds 
  Import took 0.025079 seconds .

========================================================================
Received Import Request.
  Time since last request: 0.000201 seconds.
  path: Assets/ExampleAssets/Textures/Props/Hammer/Hammer_Normal.tif
  artifactKey: Guid(c517a9b1527aec343806327b47ad22df) Importer(815301076,1909f56bfc062723c751e8b465ee728b)
Start importing Assets/ExampleAssets/Textures/Props/Hammer/Hammer_Normal.tif using Guid(c517a9b1527aec343806327b47ad22df) Importer(815301076,1909f56bfc062723c751e8b465ee728b)  -> (artifact id: 'd78401adca7c490c5eb59770881e8a2f') in 0.018589 seconds 
  Import took 0.024387 seconds .

========================================================================
Received Import Request.
  Time since last request: 0.000447 seconds.
  path: Assets/Polytope Studio/Lowpoly Medieval Village/Sources/Textures/PT_Medieval_texture.tga
  artifactKey: Guid(16357eda3fc18dd459a8218b92769643) Importer(815301076,1909f56bfc062723c751e8b465ee728b)
Start importing Assets/Polytope Studio/Lowpoly Medieval Village/Sources/Textures/PT_Medieval_texture.tga using Guid(16357eda3fc18dd459a8218b92769643) Importer(815301076,1909f56bfc062723c751e8b465ee728b)  -> (artifact id: '40edd06f4aff2f10e01d4eb8bf929323') in 0.012953 seconds 
  Import took 0.020490 seconds .

========================================================================
Received Import Request.
  Time since last request: 37.715564 seconds.
  path: Assets/Polytope Studio/Lowpoly Medieval Environments/Prefabs/PT_Medieval_Rock_4.prefab
  artifactKey: Guid(6c482e625e2add940a53e04912d07ae7) Importer(815301076,1909f56bfc062723c751e8b465ee728b)
Start importing Assets/Polytope Studio/Lowpoly Medieval Environments/Prefabs/PT_Medieval_Rock_4.prefab using Guid(6c482e625e2add940a53e04912d07ae7) Importer(815301076,1909f56bfc062723c751e8b465ee728b)  -> (artifact id: '795185ed6fe8d0dd2813c27c66bb47d9') in 0.022536 seconds 
  Import took 0.029010 seconds .

========================================================================
Received Import Request.
  Time since last request: 7.892144 seconds.
  path: Assets/Polytope Studio/Lowpoly Medieval Environments/Sources/Meshes
  artifactKey: Guid(233bc25dd4bfa8846b700d547592a78e) Importer(815301076,1909f56bfc062723c751e8b465ee728b)
Start importing Assets/Polytope Studio/Lowpoly Medieval Environments/Sources/Meshes using Guid(233bc25dd4bfa8846b700d547592a78e) Importer(815301076,1909f56bfc062723c751e8b465ee728b)  -> (artifact id: '862ce4d5e66b3f9236e80bb1c7c5c7d2') in 0.008430 seconds 
  Import took 0.014975 seconds .

========================================================================
Received Import Request.
  Time since last request: 88.789590 seconds.
  path: Assets/Polytope Studio/Lowpoly Medieval Environments/Prefabs/PT_Medieval_Rock_4.prefab
  artifactKey: Guid(6c482e625e2add940a53e04912d07ae7) Importer(815301076,1909f56bfc062723c751e8b465ee728b)
Start importing Assets/Polytope Studio/Lowpoly Medieval Environments/Prefabs/PT_Medieval_Rock_4.prefab using Guid(6c482e625e2add940a53e04912d07ae7) Importer(815301076,1909f56bfc062723c751e8b465ee728b)  -> (artifact id: '080f8d092c1954064ed5a1fc7aada8f7') in 0.019665 seconds 
  Import took 0.025894 seconds .

========================================================================
Received Import Request.
  Time since last request: 2.356992 seconds.
  path: Assets/Polytope Studio/Lowpoly Medieval Environments/Prefabs/PT_Medieval_Rock_4.prefab
  artifactKey: Guid(6c482e625e2add940a53e04912d07ae7) Importer(815301076,1909f56bfc062723c751e8b465ee728b)
Start importing Assets/Polytope Studio/Lowpoly Medieval Environments/Prefabs/PT_Medieval_Rock_4.prefab using Guid(6c482e625e2add940a53e04912d07ae7) Importer(815301076,1909f56bfc062723c751e8b465ee728b)  -> (artifact id: '2f0c3cee8efa27e6d2ff188265462354') in 0.013518 seconds 
  Import took 0.019304 seconds .

========================================================================
Received Import Request.
  Time since last request: 10.870423 seconds.
  path: Assets/Polytope Studio/Lowpoly Medieval Environments/Sources/Meshes/PT_Medieval_Rock_4.fbx
  artifactKey: Guid(a915e414ebfaeab4eaf18334efde6333) Importer(815301076,1909f56bfc062723c751e8b465ee728b)
Start importing Assets/Polytope Studio/Lowpoly Medieval Environments/Sources/Meshes/PT_Medieval_Rock_4.fbx using Guid(a915e414ebfaeab4eaf18334efde6333) Importer(815301076,1909f56bfc062723c751e8b465ee728b)  -> (artifact id: '8914bebc30abb97e10d6d27643a62a82') in 0.029027 seconds 
  Import took 0.043667 seconds .

========================================================================
Received Import Request.
  Time since last request: 54.312847 seconds.
  path: Assets/Polytope Studio/Lowpoly Medieval Characters/Prefabs/Modular_Armors/PT_Medieval_Male_Armor_Skeleton_01.prefab
  artifactKey: Guid(0d8b6a08991580a43aca2efb01d2dff2) Importer(815301076,1909f56bfc062723c751e8b465ee728b)
Start importing Assets/Polytope Studio/Lowpoly Medieval Characters/Prefabs/Modular_Armors/PT_Medieval_Male_Armor_Skeleton_01.prefab using Guid(0d8b6a08991580a43aca2efb01d2dff2) Importer(815301076,1909f56bfc062723c751e8b465ee728b)  -> (artifact id: 'd3e13d5f1027415c3a6afd278a598b1b') in 0.053653 seconds 
  Import took 0.060383 seconds .

========================================================================
Received Import Request.
  Time since last request: 200.977983 seconds.
  path: Assets/Polytope Studio/Lowpoly Medieval Environments/Prefabs/PT_Medieval_Rock_6.prefab
  artifactKey: Guid(c1325fa2bd1c15245a71ba8ebc3659f3) Importer(815301076,1909f56bfc062723c751e8b465ee728b)
Start importing Assets/Polytope Studio/Lowpoly Medieval Environments/Prefabs/PT_Medieval_Rock_6.prefab using Guid(c1325fa2bd1c15245a71ba8ebc3659f3) Importer(815301076,1909f56bfc062723c751e8b465ee728b)  -> (artifact id: '02cc973cefff0f31da8cc358c9e98bb7') in 0.022866 seconds 
  Import took 0.029683 seconds .

========================================================================
Received Import Request.
  Time since last request: 1.069333 seconds.
  path: Assets/Polytope Studio/Lowpoly Medieval Environments/Prefabs/PT_Medieval_Small_Mound_02.prefab
  artifactKey: Guid(355be1193669f33469eced9d7c0ad58b) Importer(815301076,1909f56bfc062723c751e8b465ee728b)
Start importing Assets/Polytope Studio/Lowpoly Medieval Environments/Prefabs/PT_Medieval_Small_Mound_02.prefab using Guid(355be1193669f33469eced9d7c0ad58b) Importer(815301076,1909f56bfc062723c751e8b465ee728b)  -> (artifact id: '89fdb4bd1e100e3c1644a2b48edeb134') in 0.053552 seconds 
  Import took 0.060210 seconds .

========================================================================
Received Import Request.
  Time since last request: 3.576059 seconds.
  path: Assets/Polytope Studio/Lowpoly Medieval Props/Prefabs
  artifactKey: Guid(aa23f77f34f5dd04980fda9c69ed98fd) Importer(815301076,1909f56bfc062723c751e8b465ee728b)
Start importing Assets/Polytope Studio/Lowpoly Medieval Props/Prefabs using Guid(aa23f77f34f5dd04980fda9c69ed98fd) Importer(815301076,1909f56bfc062723c751e8b465ee728b)  -> (artifact id: '04925971dc4241ea5f101348fa8ef069') in 0.007924 seconds 
  Import took 0.015899 seconds .

========================================================================
Received Import Request.
  Time since last request: 0.217086 seconds.
  path: Assets/Polytope Studio/Lowpoly Medieval Props/Prefabs/PT_Medieval_Hand_Lantern_01.prefab
  artifactKey: Guid(bab4271f6eb5a224fa805f371a734781) Importer(815301076,1909f56bfc062723c751e8b465ee728b)
Start importing Assets/Polytope Studio/Lowpoly Medieval Props/Prefabs/PT_Medieval_Hand_Lantern_01.prefab using Guid(bab4271f6eb5a224fa805f371a734781) Importer(815301076,1909f56bfc062723c751e8b465ee728b)  -> (artifact id: 'f0543e236d3aacf884cfdff1184936a9') in 0.020360 seconds 
  Import took 0.027195 seconds .

========================================================================
Received Import Request.
  Time since last request: 92.012595 seconds.
  path: Assets/Polytope Studio/Lowpoly Medieval Props/Sources/Materials
  artifactKey: Guid(8261cbe04de602148ab9d91964c12a1c) Importer(815301076,1909f56bfc062723c751e8b465ee728b)
Start importing Assets/Polytope Studio/Lowpoly Medieval Props/Sources/Materials using Guid(8261cbe04de602148ab9d91964c12a1c) Importer(815301076,1909f56bfc062723c751e8b465ee728b)  -> (artifact id: 'a512a12a99b79dce9eb097f0a3b5ffb4') in 0.008693 seconds 
  Import took 0.016063 seconds .

========================================================================
Received Import Request.
  Time since last request: 8.870477 seconds.
  path: Assets/Polytope Studio/Lowpoly Medieval Props/Sources/Meshes/PT_Medieval_Hand_Lantern_01.fbx
  artifactKey: Guid(58f68d02217c94b4896561c82d971cab) Importer(815301076,1909f56bfc062723c751e8b465ee728b)
Start importing Assets/Polytope Studio/Lowpoly Medieval Props/Sources/Meshes/PT_Medieval_Hand_Lantern_01.fbx using Guid(58f68d02217c94b4896561c82d971cab) Importer(815301076,1909f56bfc062723c751e8b465ee728b)  -> (artifact id: '3677cdab38d74f83c3bc1f66a0f6697a') in 0.031540 seconds 
  Import took 0.038112 seconds .

========================================================================
Received Import Request.
  Time since last request: 65.655868 seconds.
  path: Assets/Polytope Studio/Lowpoly Medieval Props/Sources/Meshes/PT_Medieval_Wooden_Cross_02.fbx
  artifactKey: Guid(47a15bd38e07efc428bba85443b28834) Importer(815301076,1909f56bfc062723c751e8b465ee728b)
Start importing Assets/Polytope Studio/Lowpoly Medieval Props/Sources/Meshes/PT_Medieval_Wooden_Cross_02.fbx using Guid(47a15bd38e07efc428bba85443b28834) Importer(815301076,1909f56bfc062723c751e8b465ee728b)  -> (artifact id: 'c8332eca1d5facab434d2af00ab0f85a') in 0.025323 seconds 
  Import took 0.031107 seconds .

========================================================================
Received Import Request.
  Time since last request: 19.284195 seconds.
  path: Assets/Polytope Studio/Lowpoly Medieval Environments
  artifactKey: Guid(be41ee6ac43e67344981ef736f6e5ca2) Importer(815301076,1909f56bfc062723c751e8b465ee728b)
Start importing Assets/Polytope Studio/Lowpoly Medieval Environments using Guid(be41ee6ac43e67344981ef736f6e5ca2) Importer(815301076,1909f56bfc062723c751e8b465ee728b)  -> (artifact id: '027e759098654b0bd1daa4f4501ff8bf') in 0.010507 seconds 
  Import took 0.016970 seconds .

========================================================================
Received Import Request.
  Time since last request: 56.155816 seconds.
  path: Assets/Polytope Studio
  artifactKey: Guid(8ab97d26452092d4eb05c1486469f104) Importer(815301076,1909f56bfc062723c751e8b465ee728b)
Start importing Assets/Polytope Studio using Guid(8ab97d26452092d4eb05c1486469f104) Importer(815301076,1909f56bfc062723c751e8b465ee728b)  -> (artifact id: '9f8147e8c0dc57f19c4d253975618388') in 0.008881 seconds 
  Import took 0.016720 seconds .

